<?xml version="1.0" encoding="UTF-8"?>
<!-- Generated by org.testng.reporters.JUnitXMLReporter -->
<testsuite hostname="VUI-20-149L4M" ignored="0" name="TAPTAP APIs Automation Test" tests="7" failures="0" timestamp="15 Mar 2021 07:28:58 GMT" time="6.223" errors="0">
  <testcase name="getMileStoneDetailIdAndName" time="0.08" classname="ReferralChallenge.TestReferralChallenge"/>
  <testcase name="getRunningReferralCodeAndName" time="0.004" classname="ReferralChallenge.TestReferralChallenge"/>
  <testcase name="getStatusCodeReferralMileStoneDetail" time="0.002" classname="ReferralChallenge.TestReferralChallenge"/>
  <testcase name="getStatusCodeRegisterReferee" time="0.002" classname="ReferralChallenge.TestReferralChallenge"/>
  <testcase name="getStatusCodeRunningReferral" time="0.003" classname="ReferralChallenge.TestReferralChallenge"/>
  <testcase name="getStatusCodeVerifyCreateReferralCode" time="0.002" classname="ReferralChallenge.TestReferralChallenge"/>
  <testcase name="verifyMessageContent" time="0.004" classname="ReferralChallenge.TestReferralChallenge"/>
</testsuite> <!-- TAPTAP APIs Automation Test -->
